  slabs_final.cpp
D:\МГТУ\практика 3 сем\c++\slabs_final\slabs_final.cpp(65,12): error C2433: Vertex: "friend" не разрешается для объявлений данных
D:\МГТУ\практика 3 сем\c++\slabs_final\slabs_final.cpp(65,18): error C4430: отсутствует спецификатор типа - предполагается int. Примечание. C++ не поддерживает int по умолчанию
D:\МГТУ\практика 3 сем\c++\slabs_final\slabs_final.cpp(98,12): error C2433: Cell: "friend" не разрешается для объявлений данных
D:\МГТУ\практика 3 сем\c++\slabs_final\slabs_final.cpp(98,16): error C4430: отсутствует спецификатор типа - предполагается int. Примечание. C++ не поддерживает int по умолчанию
D:\МГТУ\практика 3 сем\c++\slabs_final\slabs_final.cpp(83,20): error C2248: Segment::f: невозможно обратиться к private член, объявленному в классе "Segment"
D:\МГТУ\практика 3 сем\c++\slabs_final\slabs_final.cpp(45,10): message : см. объявление "Segment::f"
D:\МГТУ\практика 3 сем\c++\slabs_final\slabs_final.cpp(39,7): message : см. объявление "Segment"
D:\МГТУ\практика 3 сем\c++\slabs_final\slabs_final.cpp(87,20): error C2248: Segment::f: невозможно обратиться к private член, объявленному в классе "Segment"
D:\МГТУ\практика 3 сем\c++\slabs_final\slabs_final.cpp(45,10): message : см. объявление "Segment::f"
D:\МГТУ\практика 3 сем\c++\slabs_final\slabs_final.cpp(39,7): message : см. объявление "Segment"
D:\МГТУ\практика 3 сем\c++\slabs_final\slabs_final.cpp(106,11): error C2143: синтаксическая ошибка: отсутствие ";" перед "*"
D:\МГТУ\практика 3 сем\c++\slabs_final\slabs_final.cpp(106,11): error C4430: отсутствует спецификатор типа - предполагается int. Примечание. C++ не поддерживает int по умолчанию
D:\МГТУ\практика 3 сем\c++\slabs_final\slabs_final.cpp(106,17): error C2238: непредвиденные лексемы перед ";"
D:\МГТУ\практика 3 сем\c++\slabs_final\slabs_final.cpp(109,11): error C2143: синтаксическая ошибка: отсутствие ";" перед "&"
D:\МГТУ\практика 3 сем\c++\slabs_final\slabs_final.cpp(109,11): error C4430: отсутствует спецификатор типа - предполагается int. Примечание. C++ не поддерживает int по умолчанию
D:\МГТУ\практика 3 сем\c++\slabs_final\slabs_final.cpp(110,5): error C2334: непредвиденные лексемы перед "{"; пропуск вероятного тела функции
D:\МГТУ\практика 3 сем\c++\slabs_final\slabs_final.cpp(108,27): error C2614: Cell: недопустимая инициализация члена: "vert" не является базовым классом или членом
D:\МГТУ\практика 3 сем\c++\slabs_final\slabs_final.cpp(119,9): error C2065: vert: необъявленный идентификатор
D:\МГТУ\практика 3 сем\c++\slabs_final\slabs_final.cpp(119,20): error C2061: синтаксическая ошибка: идентификатор "Vertex"
D:\МГТУ\практика 3 сем\c++\slabs_final\slabs_final.cpp(125,18): error C2065: vert: необъявленный идентификатор
D:\МГТУ\практика 3 сем\c++\slabs_final\slabs_final.cpp(125,34): error C2065: vert: необъявленный идентификатор
D:\МГТУ\практика 3 сем\c++\slabs_final\slabs_final.cpp(126,17): error C2065: vert: необъявленный идентификатор
D:\МГТУ\практика 3 сем\c++\slabs_final\slabs_final.cpp(126,50): error C2065: vert: необъявленный идентификатор
D:\МГТУ\практика 3 сем\c++\slabs_final\slabs_final.cpp(126,66): error C2065: vert: необъявленный идентификатор
D:\МГТУ\практика 3 сем\c++\slabs_final\slabs_final.cpp(126,80): error C2065: vert: необъявленный идентификатор
D:\МГТУ\практика 3 сем\c++\slabs_final\slabs_final.cpp(126,96): error C2065: vert: необъявленный идентификатор
D:\МГТУ\практика 3 сем\c++\slabs_final\slabs_final.cpp(126,108): error C2065: vert: необъявленный идентификатор
D:\МГТУ\практика 3 сем\c++\slabs_final\slabs_final.cpp(127,23): error C2065: vert: необъявленный идентификатор
D:\МГТУ\практика 3 сем\c++\slabs_final\slabs_final.cpp(127,39): error C2065: vert: необъявленный идентификатор
D:\МГТУ\практика 3 сем\c++\slabs_final\slabs_final.cpp(127,53): error C2065: vert: необъявленный идентификатор
D:\МГТУ\практика 3 сем\c++\slabs_final\slabs_final.cpp(127,69): error C2065: vert: необъявленный идентификатор
D:\МГТУ\практика 3 сем\c++\slabs_final\slabs_final.cpp(127,83): error C2065: vert: необъявленный идентификатор
D:\МГТУ\практика 3 сем\c++\slabs_final\slabs_final.cpp(126,43): error C2665: "Segment::Segment": ни одна перегруженная функция не может преобразовать все типы аргументов
D:\МГТУ\практика 3 сем\c++\slabs_final\slabs_final.cpp(66,1): message : может быть "Segment::Segment(Segment &&)"
D:\МГТУ\практика 3 сем\c++\slabs_final\slabs_final.cpp(126,43): message : "Segment::Segment(Segment &&)": невозможно преобразовать аргумент 1 из "int" в "Segment &&"
D:\МГТУ\практика 3 сем\c++\slabs_final\slabs_final.cpp(126,44): message : Причина: невозможно преобразовать "int" в "Segment"
D:\МГТУ\практика 3 сем\c++\slabs_final\slabs_final.cpp(66,1): message : или       "Segment::Segment(const Segment &)"
D:\МГТУ\практика 3 сем\c++\slabs_final\slabs_final.cpp(126,43): message : "Segment::Segment(const Segment &)": невозможно преобразовать аргумент 1 из "int" в "const Segment &"
D:\МГТУ\практика 3 сем\c++\slabs_final\slabs_final.cpp(126,44): message : Причина: невозможно преобразовать "int" в "const Segment"
D:\МГТУ\практика 3 сем\c++\slabs_final\slabs_final.cpp(126,43): message : при попытке сопоставить список аргументов "(int)"
D:\МГТУ\практика 3 сем\c++\slabs_final\slabs_final.cpp(128,17): error C2065: vert: необъявленный идентификатор
D:\МГТУ\практика 3 сем\c++\slabs_final\slabs_final.cpp(128,36): error C2065: vert: необъявленный идентификатор
D:\МГТУ\практика 3 сем\c++\slabs_final\slabs_final.cpp(132,17): error C2065: vert: необъявленный идентификатор
D:\МГТУ\практика 3 сем\c++\slabs_final\slabs_final.cpp(132,77): error C2065: vert: необъявленный идентификатор
D:\МГТУ\практика 3 сем\c++\slabs_final\slabs_final.cpp(132,43): error C2661: Segment::Segment: нет перегруженной функции, принимающей 2 аргументов
D:\МГТУ\практика 3 сем\c++\slabs_final\slabs_final.cpp(132,43): message : при попытке сопоставить список аргументов "(int, double)"
D:\МГТУ\практика 3 сем\c++\slabs_final\slabs_final.cpp(133,17): error C2065: vert: необъявленный идентификатор
D:\МГТУ\практика 3 сем\c++\slabs_final\slabs_final.cpp(133,36): error C2065: vert: необъявленный идентификатор
D:\МГТУ\практика 3 сем\c++\slabs_final\slabs_final.cpp(136,14): error C2065: vert: необъявленный идентификатор
D:\МГТУ\практика 3 сем\c++\slabs_final\slabs_final.cpp(136,26): error C2065: vert: необъявленный идентификатор
D:\МГТУ\практика 3 сем\c++\slabs_final\slabs_final.cpp(137,13): error C2065: vert: необъявленный идентификатор
D:\МГТУ\практика 3 сем\c++\slabs_final\slabs_final.cpp(137,50): error C2065: vert: необъявленный идентификатор
D:\МГТУ\практика 3 сем\c++\slabs_final\slabs_final.cpp(137,62): error C2065: vert: необъявленный идентификатор
D:\МГТУ\практика 3 сем\c++\slabs_final\slabs_final.cpp(137,80): error C2065: vert: необъявленный идентификатор
D:\МГТУ\практика 3 сем\c++\slabs_final\slabs_final.cpp(137,92): error C2065: vert: необъявленный идентификатор
D:\МГТУ\практика 3 сем\c++\slabs_final\slabs_final.cpp(137,108): error C2065: vert: необъявленный идентификатор
D:\МГТУ\практика 3 сем\c++\slabs_final\slabs_final.cpp(138,19): error C2065: vert: необъявленный идентификатор
D:\МГТУ\практика 3 сем\c++\slabs_final\slabs_final.cpp(138,31): error C2065: vert: необъявленный идентификатор
D:\МГТУ\практика 3 сем\c++\slabs_final\slabs_final.cpp(138,49): error C2065: vert: необъявленный идентификатор
D:\МГТУ\практика 3 сем\c++\slabs_final\slabs_final.cpp(138,61): error C2065: vert: необъявленный идентификатор
D:\МГТУ\практика 3 сем\c++\slabs_final\slabs_final.cpp(138,79): error C2065: vert: необъявленный идентификатор
D:\МГТУ\практика 3 сем\c++\slabs_final\slabs_final.cpp(137,43): error C2665: "Segment::Segment": ни одна перегруженная функция не может преобразовать все типы аргументов
D:\МГТУ\практика 3 сем\c++\slabs_final\slabs_final.cpp(66,1): message : может быть "Segment::Segment(Segment &&)"
D:\МГТУ\практика 3 сем\c++\slabs_final\slabs_final.cpp(137,43): message : "Segment::Segment(Segment &&)": невозможно преобразовать аргумент 1 из "int" в "Segment &&"
D:\МГТУ\практика 3 сем\c++\slabs_final\slabs_final.cpp(137,44): message : Причина: невозможно преобразовать "int" в "Segment"
D:\МГТУ\практика 3 сем\c++\slabs_final\slabs_final.cpp(66,1): message : или       "Segment::Segment(const Segment &)"
D:\МГТУ\практика 3 сем\c++\slabs_final\slabs_final.cpp(137,43): message : "Segment::Segment(const Segment &)": невозможно преобразовать аргумент 1 из "int" в "const Segment &"
D:\МГТУ\практика 3 сем\c++\slabs_final\slabs_final.cpp(137,44): message : Причина: невозможно преобразовать "int" в "const Segment"
D:\МГТУ\практика 3 сем\c++\slabs_final\slabs_final.cpp(137,43): message : при попытке сопоставить список аргументов "(int)"
D:\МГТУ\практика 3 сем\c++\slabs_final\slabs_final.cpp(139,13): error C2065: vert: необъявленный идентификатор
D:\МГТУ\практика 3 сем\c++\slabs_final\slabs_final.cpp(139,28): error C2065: vert: необъявленный идентификатор
D:\МГТУ\практика 3 сем\c++\slabs_final\slabs_final.cpp(143,13): error C2065: vert: необъявленный идентификатор
D:\МГТУ\практика 3 сем\c++\slabs_final\slabs_final.cpp(143,77): error C2065: vert: необъявленный идентификатор
D:\МГТУ\практика 3 сем\c++\slabs_final\slabs_final.cpp(143,43): error C2661: Segment::Segment: нет перегруженной функции, принимающей 2 аргументов
D:\МГТУ\практика 3 сем\c++\slabs_final\slabs_final.cpp(143,43): message : при попытке сопоставить список аргументов "(int, double)"
D:\МГТУ\практика 3 сем\c++\slabs_final\slabs_final.cpp(144,13): error C2065: vert: необъявленный идентификатор
D:\МГТУ\практика 3 сем\c++\slabs_final\slabs_final.cpp(144,28): error C2065: vert: необъявленный идентификатор
D:\МГТУ\практика 3 сем\c++\slabs_final\slabs_final.cpp(147,24): error C2065: vert: необъявленный идентификатор
D:\МГТУ\практика 3 сем\c++\slabs_final\slabs_final.cpp(147,15): error C2541: delete: нельзя удалять объекты, не являющиеся указателями
D:\МГТУ\практика 3 сем\c++\slabs_final\slabs_final.cpp(168,5): error C2923: std::vector: "Cell" не является допустимым аргументом типа шаблон для параметра "_Ty"
D:\МГТУ\практика 3 сем\c++\slabs_final\slabs_final.cpp(98,12): message : см. объявление "Cell"
D:\МГТУ\практика 3 сем\c++\slabs_final\slabs_final.cpp(168,5): error C2976: std::vector: слишком мало аргументов шаблон
D:\Programms\visual studio\2022\VC\Tools\MSVC\14.37.32822\include\vector(438,1): message : см. объявление "std::vector"
D:\МГТУ\практика 3 сем\c++\slabs_final\slabs_final.cpp(168,22): error C2514: "std::vector": невозможно создать шаблон класса.
D:\Programms\visual studio\2022\VC\Tools\MSVC\14.37.32822\include\vector(438,1): message : см. объявление "std::vector"
D:\МГТУ\практика 3 сем\c++\slabs_final\slabs_final.cpp(170,29): error C2059: синтаксическая ошибка: >
D:\МГТУ\практика 3 сем\c++\slabs_final\slabs_final.cpp(176,9): error C2678: бинарный "[": не найден оператор, принимающий левый операнд типа "std::vector" (или приемлемое преобразование отсутствует)
D:\Programms\visual studio\2022\VC\Tools\MSVC\14.37.32822\include\vector(1892,40): message : может быть "const _Ty &std::vector<_Ty,_Alloc>::operator [](const allocator_traits<allocator_traits<_Alloc>::rebind_alloc<_Ty>>::size_type) noexcept const"
D:\Programms\visual studio\2022\VC\Tools\MSVC\14.37.32822\include\vector(1882,34): message : или       "_Ty &std::vector<_Ty,_Alloc>::operator [](const allocator_traits<allocator_traits<_Alloc>::rebind_alloc<_Ty>>::size_type) noexcept"
D:\МГТУ\практика 3 сем\c++\slabs_final\slabs_final.cpp(176,9): message : при попытке сопоставить список аргументов "(std::vector, int)"
D:\МГТУ\практика 3 сем\c++\slabs_final\slabs_final.cpp(180,13): error C2678: бинарный "[": не найден оператор, принимающий левый операнд типа "std::vector" (или приемлемое преобразование отсутствует)
D:\Programms\visual studio\2022\VC\Tools\MSVC\14.37.32822\include\vector(1892,40): message : может быть "const _Ty &std::vector<_Ty,_Alloc>::operator [](const allocator_traits<allocator_traits<_Alloc>::rebind_alloc<_Ty>>::size_type) noexcept const"
D:\Programms\visual studio\2022\VC\Tools\MSVC\14.37.32822\include\vector(1882,34): message : или       "_Ty &std::vector<_Ty,_Alloc>::operator [](const allocator_traits<allocator_traits<_Alloc>::rebind_alloc<_Ty>>::size_type) noexcept"
D:\МГТУ\практика 3 сем\c++\slabs_final\slabs_final.cpp(180,13): message : при попытке сопоставить список аргументов "(std::vector, int)"
D:\МГТУ\практика 3 сем\c++\slabs_final\slabs_final.cpp(183,9): error C2678: бинарный "[": не найден оператор, принимающий левый операнд типа "std::vector" (или приемлемое преобразование отсутствует)
D:\Programms\visual studio\2022\VC\Tools\MSVC\14.37.32822\include\vector(1892,40): message : может быть "const _Ty &std::vector<_Ty,_Alloc>::operator [](const allocator_traits<allocator_traits<_Alloc>::rebind_alloc<_Ty>>::size_type) noexcept const"
D:\Programms\visual studio\2022\VC\Tools\MSVC\14.37.32822\include\vector(1882,34): message : или       "_Ty &std::vector<_Ty,_Alloc>::operator [](const allocator_traits<allocator_traits<_Alloc>::rebind_alloc<_Ty>>::size_type) noexcept"
D:\МГТУ\практика 3 сем\c++\slabs_final\slabs_final.cpp(183,9): message : при попытке сопоставить список аргументов "(std::vector, int)"
D:\МГТУ\практика 3 сем\c++\slabs_final\slabs_final.cpp(185,29): error C2678: бинарный "[": не найден оператор, принимающий левый операнд типа "std::vector" (или приемлемое преобразование отсутствует)
D:\Programms\visual studio\2022\VC\Tools\MSVC\14.37.32822\include\vector(1892,40): message : может быть "const _Ty &std::vector<_Ty,_Alloc>::operator [](const allocator_traits<allocator_traits<_Alloc>::rebind_alloc<_Ty>>::size_type) noexcept const"
D:\Programms\visual studio\2022\VC\Tools\MSVC\14.37.32822\include\vector(1882,34): message : или       "_Ty &std::vector<_Ty,_Alloc>::operator [](const allocator_traits<allocator_traits<_Alloc>::rebind_alloc<_Ty>>::size_type) noexcept"
D:\МГТУ\практика 3 сем\c++\slabs_final\slabs_final.cpp(185,29): message : при попытке сопоставить список аргументов "(std::vector, int)"
D:\МГТУ\практика 3 сем\c++\slabs_final\slabs_final.cpp(185,50): error C2678: бинарный "[": не найден оператор, принимающий левый операнд типа "std::vector" (или приемлемое преобразование отсутствует)
D:\Programms\visual studio\2022\VC\Tools\MSVC\14.37.32822\include\vector(1892,40): message : может быть "const _Ty &std::vector<_Ty,_Alloc>::operator [](const allocator_traits<allocator_traits<_Alloc>::rebind_alloc<_Ty>>::size_type) noexcept const"
D:\Programms\visual studio\2022\VC\Tools\MSVC\14.37.32822\include\vector(1882,34): message : или       "_Ty &std::vector<_Ty,_Alloc>::operator [](const allocator_traits<allocator_traits<_Alloc>::rebind_alloc<_Ty>>::size_type) noexcept"
D:\МГТУ\практика 3 сем\c++\slabs_final\slabs_final.cpp(185,50): message : при попытке сопоставить список аргументов "(std::vector, int)"
D:\МГТУ\практика 3 сем\c++\slabs_final\slabs_final.cpp(239,25): error C3536: it: не может использоваться до инициализации
D:\МГТУ\практика 3 сем\c++\slabs_final\slabs_final.cpp(239,35): error C3536: itr: не может использоваться до инициализации
D:\МГТУ\практика 3 сем\c++\slabs_final\slabs_final.cpp(244,30): error C2672: "std::multimap<double,Segment *,std::less<double>,std::allocator<std::pair<const double,Segment *>>>::emplace": не найдена соответствующая перегруженная функция
D:\Programms\visual studio\2022\VC\Tools\MSVC\14.37.32822\include\map(557,14): message : может быть "std::_Tree_iterator<std::_Tree_val<std::_Tree_simple_types<std::pair<const double,Segment *>>>> std::multimap<double,Segment *,std::less<double>,std::allocator<std::pair<const double,Segment *>>>::emplace(_Valty &&...)"
D:\МГТУ\практика 3 сем\c++\slabs_final\slabs_final.cpp(251,30): error C2672: "std::multimap<double,Segment *,std::less<double>,std::allocator<std::pair<const double,Segment *>>>::emplace": не найдена соответствующая перегруженная функция
D:\Programms\visual studio\2022\VC\Tools\MSVC\14.37.32822\include\map(557,14): message : может быть "std::_Tree_iterator<std::_Tree_val<std::_Tree_simple_types<std::pair<const double,Segment *>>>> std::multimap<double,Segment *,std::less<double>,std::allocator<std::pair<const double,Segment *>>>::emplace(_Valty &&...)"
D:\МГТУ\практика 3 сем\c++\slabs_final\slabs_final.cpp(262,30): error C2672: "std::multimap<double,Segment *,std::less<double>,std::allocator<std::pair<const double,Segment *>>>::emplace": не найдена соответствующая перегруженная функция
D:\Programms\visual studio\2022\VC\Tools\MSVC\14.37.32822\include\map(557,14): message : может быть "std::_Tree_iterator<std::_Tree_val<std::_Tree_simple_types<std::pair<const double,Segment *>>>> std::multimap<double,Segment *,std::less<double>,std::allocator<std::pair<const double,Segment *>>>::emplace(_Valty &&...)"
D:\МГТУ\практика 3 сем\c++\slabs_final\slabs_final.cpp(264,30): error C2672: "std::multimap<double,Segment *,std::less<double>,std::allocator<std::pair<const double,Segment *>>>::emplace": не найдена соответствующая перегруженная функция
D:\Programms\visual studio\2022\VC\Tools\MSVC\14.37.32822\include\map(557,14): message : может быть "std::_Tree_iterator<std::_Tree_val<std::_Tree_simple_types<std::pair<const double,Segment *>>>> std::multimap<double,Segment *,std::less<double>,std::allocator<std::pair<const double,Segment *>>>::emplace(_Valty &&...)"
